<?xml version="1.0" encoding="UTF-8"?>
<!-- Generated by org.testng.reporters.JUnitReportReporter -->
<testsuite hostname="Rutz" failures="0" tests="10" name="com.api.testing.AllTestCases" time="20.674" errors="0" timestamp="2025-07-18T14:15:59 IST" skipped="0">
  <testcase classname="com.api.testing.AllTestCases" name="testAddUser" time="4.250"/>
  <testcase classname="com.api.testing.AllTestCases" name="testGetProfile" time="1.705"/>
  <testcase classname="com.api.testing.AllTestCases" name="testUpdateUser" time="1.498"/>
  <testcase classname="com.api.testing.AllTestCases" name="testLoginUser" time="2.043"/>
  <testcase classname="com.api.testing.AllTestCases" name="testAddContact" time="1.858"/>
  <testcase classname="com.api.testing.AllTestCases" name="testGetContacts" time="1.803"/>
  <testcase classname="com.api.testing.AllTestCases" name="testGetContactById" time="1.786"/>
  <testcase classname="com.api.testing.AllTestCases" name="testUpdateContact" time="1.843"/>
  <testcase classname="com.api.testing.AllTestCases" name="testPartialUpdateContact" time="1.943"/>
  <testcase classname="com.api.testing.AllTestCases" name="testLogoutUser" time="1.945"/>
</testsuite> <!-- com.api.testing.AllTestCases -->
