<?xml version="1.0" encoding="UTF-8"?>
<!-- Generated by org.testng.reporters.JUnitReportReporter -->
<testsuite hostname="Rutz" failures="0" tests="1" name="com.api.testing.TestCase01_AddUser" time="4.272" errors="0" timestamp="2025-07-18T13:56:10 IST" skipped="0">
  <testcase classname="com.api.testing.TestCase01_AddUser" name="addUser" time="4.272"/>
</testsuite> <!-- com.api.testing.TestCase01_AddUser -->
